<?xml version="1.0" encoding="UTF-8"?>
<!-- Generated by org.testng.reporters.JUnitReportReporter -->
<testsuite hostname="arikrishnan" failures="0" tests="3" name="com.app.testng.ParallelExeClasses" time="0.027" errors="0" timestamp="2025-05-18T13:16:02 IST" skipped="0">
  <testcase classname="com.app.testng.ParallelExeClasses" name="test2" time="0.002"/>
  <testcase classname="com.app.testng.ParallelExeClasses" name="test1" time="0.023"/>
  <testcase classname="com.app.testng.ParallelExeClasses" name="test3" time="0.002"/>
</testsuite> <!-- com.app.testng.ParallelExeClasses -->
