<?xml version="1.0" encoding="UTF-8"?>
<!-- Generated by org.testng.reporters.JUnitReportReporter -->
<testsuite hostname="arikrishnan" failures="0" tests="2" name="com.app.testng.Parameter_Test" time="0.017" errors="0" timestamp="2025-06-15T13:09:59 IST" skipped="0">
  <testcase classname="com.app.testng.Parameter_Test" name="pass" time="0.014"/>
  <testcase classname="com.app.testng.Parameter_Test" name="user" time="0.003"/>
</testsuite> <!-- com.app.testng.Parameter_Test -->
