<?xml version="1.0" encoding="UTF-8"?>
<!-- Generated by org.testng.reporters.JUnitReportReporter -->
<testsuite hostname="DESKTOP-35HBDVU" failures="0" tests="7" name="com.app.testng.Sample2" time="0.013" errors="0" timestamp="2025-05-17T12:53:29 IST" skipped="2">
  <testcase classname="com.app.testng.Sample2" name="test3" time="0.001"/>
  <testcase classname="com.app.testng.Sample2" name="test3" time="0.008"/>
  <testcase classname="com.app.testng.Sample2" name="test3" time="0.001"/>
  <testcase classname="com.app.testng.Sample2" name="test3" time="0.002"/>
  <testcase classname="com.app.testng.Sample2" name="test3" time="0.001"/>
  <testcase classname="com.app.testng.Sample2" name="test2">
    <skipped/>
  </testcase> <!-- test2 -->
  <testcase classname="com.app.testng.Sample2" name="test1">
    <skipped/>
  </testcase> <!-- test1 -->
</testsuite> <!-- com.app.testng.Sample2 -->
