<?xml version="1.0" encoding="UTF-8"?>
<!-- Generated by org.testng.reporters.JUnitReportReporter -->
<testsuite hostname="arikrishnan" failures="0" tests="3" name="com.app.testng.Parallel_Method" time="0.054" errors="0" timestamp="2025-05-18T13:35:58 IST" skipped="0">
  <testcase classname="com.app.testng.Parallel_Method" name="test5" time="0.018"/>
  <testcase classname="com.app.testng.Parallel_Method" name="test6" time="0.018"/>
  <testcase classname="com.app.testng.Parallel_Method" name="test4" time="0.018"/>
</testsuite> <!-- com.app.testng.Parallel_Method -->
