<?xml version="1.0" encoding="UTF-8"?>
<!-- Generated by org.testng.reporters.JUnitReportReporter -->
<testsuite hostname="DESKTOP-35HBDVU" failures="0" tests="2" name="com.app.testng.Sample" time="0.009" errors="0" timestamp="2025-05-17T12:42:43 IST" skipped="0">
  <testcase classname="com.app.testng.Sample" name="test2" time="0.004"/>
  <testcase classname="com.app.testng.Sample" name="test1" time="0.005"/>
</testsuite> <!-- com.app.testng.Sample -->
