<?xml version="1.0" encoding="UTF-8"?>
<!-- Generated by org.testng.reporters.JUnitReportReporter -->
<testsuite hostname="arikrishnan" failures="0" tests="2" name="com.app.testng.TestTwo" time="0.007" errors="0" timestamp="2025-05-18T13:05:01 IST" skipped="0">
  <testcase classname="com.app.testng.TestTwo" name="test6" time="0.003"/>
  <testcase classname="com.app.testng.TestTwo" name="test4" time="0.004"/>
</testsuite> <!-- com.app.testng.TestTwo -->
