<?xml version="1.0" encoding="UTF-8"?>
<!-- Generated by org.testng.reporters.JUnitReportReporter -->
<testsuite hostname="arikrishnan" failures="0" tests="2" name="com.app.testng.CrossBrowserTesting" time="20.570" errors="0" timestamp="2025-05-18T13:34:00 IST" skipped="0">
  <testcase classname="com.app.testng.CrossBrowserTesting" name="test1" time="10.090"/>
  <testcase classname="com.app.testng.CrossBrowserTesting" name="test1" time="10.480"/>
</testsuite> <!-- com.app.testng.CrossBrowserTesting -->
