<?xml version="1.0" encoding="UTF-8"?>
<!-- Generated by org.testng.reporters.JUnitReportReporter -->
<testsuite hostname="DESKTOP-35HBDVU" failures="0" tests="1" name="com.app.testng.DependsonMethodTest" time="0.008" errors="0" timestamp="2025-05-18T11:36:52 IST" skipped="0">
  <testcase classname="com.app.testng.DependsonMethodTest" name="user" time="0.008"/>
</testsuite> <!-- com.app.testng.DependsonMethodTest -->
