<?xml version="1.0" encoding="UTF-8"?>
<!-- Generated by org.testng.reporters.JUnitReportReporter -->
<testsuite hostname="DESKTOP-35HBDVU" failures="0" tests="3" name="com.app.testng.Priority" time="0.015" errors="0" timestamp="2025-05-17T12:49:35 IST" skipped="0">
  <testcase classname="com.app.testng.Priority" name="user" time="0.013"/>
  <testcase classname="com.app.testng.Priority" name="pass" time="0.001"/>
  <testcase classname="com.app.testng.Priority" name="login" time="0.001"/>
</testsuite> <!-- com.app.testng.Priority -->
